<?xml version="1.0" encoding="UTF-8"?>
<!-- Generated by org.testng.reporters.JUnitReportReporter -->
<testsuite hostname="CHN-QAA207" failures="0" tests="1" name="org.sel.prac.App" time="18.487" errors="0" timestamp="2020-06-24T18:43:54 IST" skipped="0">
  <testcase classname="org.sel.prac.App" name="test" time="18.487"/>
  <system-out/>
</testsuite> <!-- org.sel.prac.App -->
