<?xml version="1.0" encoding="UTF-8"?>
<!-- Generated by org.testng.reporters.JUnitReportReporter -->
<testsuite hostname="CHN-QAA207" failures="0" tests="3" name="org.sel.prac.excelTest" time="44.591" errors="0" timestamp="2020-06-25T14:27:31 IST" skipped="0">
  <testcase classname="org.sel.prac.excelTest" name="f" time="17.279"/>
  <system-out/>
  <testcase classname="org.sel.prac.excelTest" name="f" time="13.859"/>
  <system-out/>
  <testcase classname="org.sel.prac.excelTest" name="f" time="13.453"/>
  <system-out/>
</testsuite> <!-- org.sel.prac.excelTest -->
